2018-10-18 21:00:08 [31merror[39m: [31m11000 E11000 duplicate key error collection: webchat.users index: username_1 dup key: { : "kjggds" }[39m
2018-10-18 21:01:17 [31merror[39m: [31mundefined undefined[39m
2018-10-18 21:03:55 [31merror[39m: [31mundefined undefined[39m
2018-10-18 21:05:58 [31merror[39m: [31mundefined undefined[39m
2018-10-18 21:25:50 [31merror[39m: [31mundefined err is not defined[39m
2018-10-18 21:26:04 [31merror[39m: [31mundefined err is not defined[39m
2018-10-18 21:27:28 [31merror[39m: [31mundefined err is not defined[39m
2018-10-18 21:49:07 [31merror[39m: [31mundefined undefined[39m
2018-10-18 21:49:33 [31merror[39m: [31mundefined undefined[39m
2018-10-18 22:02:14 [31merror[39m: [31m11000 E11000 duplicate key error collection: webchat.users index: email_1 dup key: { : "velichkopu@gmail.com" }[39m
2018-10-18 22:03:09 [31merror[39m: [31m11000 E11000 duplicate key error collection: webchat.users index: username_1 dup key: { : "Skrider123" }[39m
2018-10-18 22:03:30 [31merror[39m: [31m11000 E11000 duplicate key error collection: webchat.users index: username_1 dup key: { : "Skrider123" }[39m
2018-10-22 20:37:33 [31merror[39m: [31m11000 E11000 duplicate key error collection: webchat.users index: email_1 dup key: { : "velichkopu@gmail.com" }[39m
2018-10-22 20:37:35 [31merror[39m: [31m11000 E11000 duplicate key error collection: webchat.users index: email_1 dup key: { : "velichkopu@gmail.com" }[39m
2018-10-22 20:37:41 [31merror[39m: [31m11000 E11000 duplicate key error collection: webchat.users index: email_1 dup key: { : "velichkopu@gmail.com" }[39m
2018-10-22 20:40:19 [31merror[39m: [31m11000 E11000 duplicate key error collection: webchat.users index: email_1 dup key: { : "velichkopu@gmail.com" }[39m
2018-10-22 20:45:15 [31merror[39m: [31mMongoError: E11000 duplicate key error collection: webchat.users index: email_1 dup key: { : "velichkopu@gmail.com" }11000 E11000 duplicate key error collection: webchat.users index: email_1 dup key: { : "velichkopu@gmail.com" }[39m
2018-10-22 21:06:39 [31merror[39m: [31mAuthError: Duplicate emailundefined Duplicate email[39m
2018-10-22 21:06:39 [31merror[39m: [31mAuthError: Duplicate emailundefined Duplicate email[39m
2018-10-22 21:07:21 [31merror[39m: [31mAuthError: Duplicate emailundefined Duplicate email[39m
2018-10-22 21:37:26 [31merror[39m: [31m11000 E11000 duplicate key error collection: webchat.users index: email_1 dup key: { : "velichkopu@gmail.com" }[39m
2018-10-22 21:37:39 [31merror[39m: [31m11000 E11000 duplicate key error collection: webchat.users index: email_1 dup key: { : "velichkopu@gmail.com" }[39m
2018-10-22 21:38:37 [31merror[39m: [31m11000 E11000 duplicate key error collection: webchat.users index: email_1 dup key: { : "velichkopu@gmail.com" }[39m
2018-10-22 21:39:02 [31merror[39m: [31m11000 E11000 duplicate key error collection: webchat.users index: email_1 dup key: { : "velichkopu@gmail.com" }[39m
2018-10-22 21:51:49 [31merror[39m: [31m403 403[39m
2018-10-22 21:52:06 [31merror[39m: [31m403 Duplicate email[39m
2018-10-22 21:58:00 [31merror[39m: [31m403Duplicate email[39m
2018-10-22 22:13:57 [31merror[39m: [31m403Duplicate email[39m
2018-10-23 20:45:31 [31merror[39m: [31m403 Duplicate email[39m
2018-10-23 20:46:47 [31merror[39m: [31m403 Duplicate email[39m
2018-10-23 20:48:27 [31merror[39m: [31m403 Duplicate email[39m
2018-10-23 21:43:33 [31merror[39m: [31m403 Duplicate email[39m
2018-10-23 22:28:15 [31merror[39m: [31m403 Duplicate email[39m
2018-10-23 22:29:16 [31merror[39m: [31m403 Duplicate email[39m
2018-10-23 22:29:57 [31merror[39m: [31m403 Duplicate email[39m
2018-10-23 22:30:47 [31merror[39m: [31m403 Duplicate email[39m
